This is pdfTeX, Version 3.141592653-2.6-1.40.27 (TeX Live 2025) (preloaded format=pdflatex 2025.10.3)  11 NOV 2025 17:10
entering extended mode
 restricted \write18 enabled.
 file:line:error style messages enabled.
 %&-line parsing enabled.
**/Users/rodolfovergara/Documents/tesis/LibroTesis_RodolfoVergara_DiegoDuarte/book/tesis.tex
(/Users/rodolfovergara/Documents/tesis/LibroTesis_RodolfoVergara_DiegoDuarte/book/tesis.tex
LaTeX2e <2024-11-01> patch level 2
L3 programming layer <2025-01-18>
(./util/fpunathesis.cls

LaTeX Warning: You have requested document class `./util/fpunathesis',
               but the document class provides `fpunathesis'.

Document Class: fpunathesis 2014/08/25 v0.02 Formato para tesis de la FPUNA
(/usr/local/texlive/2025/texmf-dist/tex/latex/base/inputenc.sty
Package: inputenc 2024/02/08 v1.3d Input encoding file
\inpenc@prehook=\toks17
\inpenc@posthook=\toks18
) (/usr/local/texlive/2025/texmf-dist/tex/latex/graphics/graphicx.sty
Package: graphicx 2021/09/16 v1.2d Enhanced LaTeX Graphics (DPC,SPQR)
 (/usr/local/texlive/2025/texmf-dist/tex/latex/graphics/keyval.sty
Package: keyval 2022/05/29 v1.15 key=value parser (DPC)
\KV@toks@=\toks19
) (/usr/local/texlive/2025/texmf-dist/tex/latex/graphics/graphics.sty
Package: graphics 2024/08/06 v1.4g Standard LaTeX Graphics (DPC,SPQR)
 (/usr/local/texlive/2025/texmf-dist/tex/latex/graphics/trig.sty
Package: trig 2023/12/02 v1.11 sin cos tan (DPC)
) (/usr/local/texlive/2025/texmf-dist/tex/latex/graphics-cfg/graphics.cfg
File: graphics.cfg 2016/06/04 v1.11 sample graphics configuration
)
Package graphics Info: Driver file: pdftex.def on input line 106.
 (/usr/local/texlive/2025/texmf-dist/tex/latex/graphics-def/pdftex.def
File: pdftex.def 2024/04/13 v1.2c Graphics/color driver for pdftex
))
\Gin@req@height=\dimen141
\Gin@req@width=\dimen142
) (/usr/local/texlive/2025/texmf-dist/tex/latex/algorithms/algorithm.sty
Package: algorithm 2009/08/24 v0.1 Document Style `algorithm' - floating environment
 (/usr/local/texlive/2025/texmf-dist/tex/latex/float/float.sty
Package: float 2001/11/08 v1.3d Float enhancements (AL)
\c@float@type=\count196
\float@exts=\toks20
\float@box=\box52
\@float@everytoks=\toks21
\@floatcapt=\box53
) (/usr/local/texlive/2025/texmf-dist/tex/latex/base/ifthen.sty
Package: ifthen 2024/03/16 v1.1e Standard LaTeX ifthen package (DPC)
)
\@float@every@algorithm=\toks22
\c@algorithm=\count197
) (/usr/local/texlive/2025/texmf-dist/tex/latex/algorithms/algorithmic.sty
Package: algorithmic 2009/08/24 v0.1 Document Style `algorithmic'
\c@ALC@unique=\count198
\c@ALC@line=\count199
\c@ALC@rem=\count266
\c@ALC@depth=\count267
\ALC@tlm=\skip49
\algorithmicindent=\skip50
) (/usr/local/texlive/2025/texmf-dist/tex/latex/base/report.cls
Document Class: report 2024/06/29 v1.4n Standard LaTeX document class
(/usr/local/texlive/2025/texmf-dist/tex/latex/base/size12.clo
File: size12.clo 2024/06/29 v1.4n Standard LaTeX file (size option)
)
\c@part=\count268
\c@chapter=\count269
\c@section=\count270
\c@subsection=\count271
\c@subsubsection=\count272
\c@paragraph=\count273
\c@subparagraph=\count274
\c@figure=\count275
\c@table=\count276
\abovecaptionskip=\skip51
\belowcaptionskip=\skip52
\bibindent=\dimen143
) (/usr/local/texlive/2025/texmf-dist/tex/generic/babel/babel.sty
Package: babel 2025/02/14 v25.4 The multilingual framework for pdfLaTeX, LuaLaTeX and XeLaTeX
\babel@savecnt=\count277
\U@D=\dimen144
\l@unhyphenated=\language90
 (/usr/local/texlive/2025/texmf-dist/tex/generic/babel/txtbabel.def)
\bbl@readstream=\read2
\bbl@dirlevel=\count278
 (/usr/local/texlive/2025/texmf-dist/tex/generic/babel-spanish/spanish.ldf
Language: spanish.ldf 2021/05/27 v5.0q Spanish support from the babel system
\es@quottoks=\toks23
\es@quotdepth=\count279
Package babel Info: Making " an active character on input line 570.
Package babel Info: Making . an active character on input line 675.
Package babel Info: Making < an active character on input line 722.
Package babel Info: Making > an active character on input line 722.
Package babel Info: Making ' an active character on input line 740.
)) (/usr/local/texlive/2025/texmf-dist/tex/generic/babel/locale/es/babel-spanish.tex
Package babel Info: Importing font and identification data for spanish
(babel)             from babel-es.ini. Reported on input line 11.
)
\hours=\count280
\minutes=\count281
\c@@count=\count282
\c@@index=\count283
\@line=\skip53
) (/usr/local/texlive/2025/texmf-dist/tex/latex/amsmath/amsmath.sty
Package: amsmath 2024/11/05 v2.17t AMS math features
\@mathmargin=\skip54

For additional information on amsmath, use the `?' option.
(/usr/local/texlive/2025/texmf-dist/tex/latex/amsmath/amstext.sty
Package: amstext 2021/08/26 v2.01 AMS text
 (/usr/local/texlive/2025/texmf-dist/tex/latex/amsmath/amsgen.sty
File: amsgen.sty 1999/11/30 v2.0 generic functions
\@emptytoks=\toks24
\ex@=\dimen145
)) (/usr/local/texlive/2025/texmf-dist/tex/latex/amsmath/amsbsy.sty
Package: amsbsy 1999/11/29 v1.2d Bold Symbols
\pmbraise@=\dimen146
) (/usr/local/texlive/2025/texmf-dist/tex/latex/amsmath/amsopn.sty
Package: amsopn 2022/04/08 v2.04 operator names
)
\inf@bad=\count284
LaTeX Info: Redefining \frac on input line 233.
\uproot@=\count285
\leftroot@=\count286
LaTeX Info: Redefining \overline on input line 398.
LaTeX Info: Redefining \colon on input line 409.
\classnum@=\count287
\DOTSCASE@=\count288
LaTeX Info: Redefining \ldots on input line 495.
LaTeX Info: Redefining \dots on input line 498.
LaTeX Info: Redefining \cdots on input line 619.
\Mathstrutbox@=\box54
\strutbox@=\box55
LaTeX Info: Redefining \big on input line 721.
LaTeX Info: Redefining \Big on input line 722.
LaTeX Info: Redefining \bigg on input line 723.
LaTeX Info: Redefining \Bigg on input line 724.
\big@size=\dimen147
LaTeX Font Info:    Redeclaring font encoding OML on input line 742.
LaTeX Font Info:    Redeclaring font encoding OMS on input line 743.
\macc@depth=\count289
LaTeX Info: Redefining \bmod on input line 904.
LaTeX Info: Redefining \pmod on input line 909.
LaTeX Info: Redefining \smash on input line 939.
LaTeX Info: Redefining \relbar on input line 969.
LaTeX Info: Redefining \Relbar on input line 970.
\c@MaxMatrixCols=\count290
\dotsspace@=\muskip17
\c@parentequation=\count291
\dspbrk@lvl=\count292
\tag@help=\toks25
\row@=\count293
\column@=\count294
\maxfields@=\count295
\andhelp@=\toks26
\eqnshift@=\dimen148
\alignsep@=\dimen149
\tagshift@=\dimen150
\tagwidth@=\dimen151
\totwidth@=\dimen152
\lineht@=\dimen153
\@envbody=\toks27
\multlinegap=\skip55
\multlinetaggap=\skip56
\mathdisplay@stack=\toks28
LaTeX Info: Redefining \[ on input line 2953.
LaTeX Info: Redefining \] on input line 2954.
) (/usr/local/texlive/2025/texmf-dist/tex/latex/amscls/amsthm.sty
Package: amsthm 2020/05/29 v2.20.6
\thm@style=\toks29
\thm@bodyfont=\toks30
\thm@headfont=\toks31
\thm@notefont=\toks32
\thm@headpunct=\toks33
\thm@preskip=\skip57
\thm@postskip=\skip58
\thm@headsep=\skip59
\dth@everypar=\toks34
) (/usr/local/texlive/2025/texmf-dist/tex/latex/base/textcomp.sty
Package: textcomp 2024/04/24 v2.1b Standard LaTeX package
) (/usr/local/texlive/2025/texmf-dist/tex/latex/base/fontenc.sty
Package: fontenc 2021/04/29 v2.0v Standard LaTeX package
) (/usr/local/texlive/2025/texmf-dist/tex/latex/csquotes/csquotes.sty
Package: csquotes 2024-04-04 v5.2o context-sensitive quotations (JAW)
 (/usr/local/texlive/2025/texmf-dist/tex/latex/etoolbox/etoolbox.sty
Package: etoolbox 2025/02/11 v2.5l e-TeX tools for LaTeX (JAW)
\etb@tempcnta=\count296
)
\csq@reset=\count297
\csq@gtype=\count298
\csq@glevel=\count299
\csq@qlevel=\count300
\csq@maxlvl=\count301
\csq@tshold=\count302
\csq@ltx@everypar=\toks35
 (/usr/local/texlive/2025/texmf-dist/tex/latex/csquotes/csquotes.def
File: csquotes.def 2024-04-04 v5.2o csquotes generic definitions (JAW)
)
Package csquotes Info: Trying to load configuration file 'csquotes.cfg'...
Package csquotes Info: ... configuration file loaded successfully.
 (/usr/local/texlive/2025/texmf-dist/tex/latex/csquotes/csquotes.cfg
File: csquotes.cfg 
)) (/usr/local/texlive/2025/texmf-dist/tex/latex/tools/enumerate.sty
Package: enumerate 2023/07/04 v3.00 enumerate extensions (DPC)
\@enLab=\toks36
) (/usr/local/texlive/2025/texmf-dist/tex/latex/enumitem/enumitem.sty
Package: enumitem 2025/02/06 v3.11 Customized lists
\labelindent=\skip60
\enit@outerparindent=\dimen154
\enit@toks=\toks37
\enit@inbox=\box56
\enit@count@id=\count303
\enitdp@description=\count304
) (/usr/local/texlive/2025/texmf-dist/tex/latex/caption/caption.sty
Package: caption 2023/08/05 v3.6o Customizing captions (AR)
 (/usr/local/texlive/2025/texmf-dist/tex/latex/caption/caption3.sty
Package: caption3 2023/07/31 v2.4d caption3 kernel (AR)
\caption@tempdima=\dimen155
\captionmargin=\dimen156
\caption@leftmargin=\dimen157
\caption@rightmargin=\dimen158
\caption@width=\dimen159
\caption@indent=\dimen160
\caption@parindent=\dimen161
\caption@hangindent=\dimen162
Package caption Info: Standard document class detected.
)
\c@caption@flags=\count305
\c@continuedfloat=\count306
Package caption Info: float package is loaded.
) (/usr/local/texlive/2025/texmf-dist/tex/latex/caption/subcaption.sty
Package: subcaption 2023/07/28 v1.6b Sub-captions (AR)
Package caption Info: New subtype `subfigure' on input line 238.
\c@subfigure=\count307
Package caption Info: New subtype `subtable' on input line 238.
\c@subtable=\count308
) (/usr/local/texlive/2025/texmf-dist/tex/latex/biblatex/biblatex.sty
Package: biblatex 2024/03/21 v3.20 programmable bibliographies (PK/MW)
 (/usr/local/texlive/2025/texmf-dist/tex/generic/pdftexcmds/pdftexcmds.sty
Package: pdftexcmds 2020-06-27 v0.33 Utility functions of pdfTeX for LuaTeX (HO)
 (/usr/local/texlive/2025/texmf-dist/tex/generic/infwarerr/infwarerr.sty
Package: infwarerr 2019/12/03 v1.5 Providing info/warning/error messages (HO)
) (/usr/local/texlive/2025/texmf-dist/tex/generic/iftex/iftex.sty
Package: iftex 2024/12/12 v1.0g TeX engine tests
) (/usr/local/texlive/2025/texmf-dist/tex/generic/ltxcmds/ltxcmds.sty
Package: ltxcmds 2023-12-04 v1.26 LaTeX kernel commands for general use (HO)
)
Package pdftexcmds Info: \pdf@primitive is available.
Package pdftexcmds Info: \pdf@ifprimitive is available.
Package pdftexcmds Info: \pdfdraftmode found.
) (/usr/local/texlive/2025/texmf-dist/tex/latex/kvoptions/kvoptions.sty
Package: kvoptions 2022-06-15 v3.15 Key value format for package options (HO)
 (/usr/local/texlive/2025/texmf-dist/tex/latex/kvsetkeys/kvsetkeys.sty
Package: kvsetkeys 2022-10-05 v1.19 Key value parser (HO)
)) (/usr/local/texlive/2025/texmf-dist/tex/latex/logreq/logreq.sty
Package: logreq 2010/08/04 v1.0 xml request logger
\lrq@indent=\count309
 (/usr/local/texlive/2025/texmf-dist/tex/latex/logreq/logreq.def
File: logreq.def 2010/08/04 v1.0 logreq spec v1.0
)) (/usr/local/texlive/2025/texmf-dist/tex/latex/url/url.sty
\Urlmuskip=\muskip18
Package: url 2013/09/16  ver 3.4  Verb mode for urls, etc.
)
\c@tabx@nest=\count310
\c@listtotal=\count311
\c@listcount=\count312
\c@liststart=\count313
\c@liststop=\count314
\c@citecount=\count315
\c@citetotal=\count316
\c@multicitecount=\count317
\c@multicitetotal=\count318
\c@instcount=\count319
\c@maxnames=\count320
\c@minnames=\count321
\c@maxitems=\count322
\c@minitems=\count323
\c@citecounter=\count324
\c@maxcitecounter=\count325
\c@savedcitecounter=\count326
\c@uniquelist=\count327
\c@uniquename=\count328
\c@refsection=\count329
\c@refsegment=\count330
\c@maxextratitle=\count331
\c@maxextratitleyear=\count332
\c@maxextraname=\count333
\c@maxextradate=\count334
\c@maxextraalpha=\count335
\c@abbrvpenalty=\count336
\c@highnamepenalty=\count337
\c@lownamepenalty=\count338
\c@maxparens=\count339
\c@parenlevel=\count340
\blx@tempcnta=\count341
\blx@tempcntb=\count342
\blx@tempcntc=\count343
\c@blx@maxsection=\count344
\blx@maxsegment@0=\count345
\blx@notetype=\count346
\blx@parenlevel@text=\count347
\blx@parenlevel@foot=\count348
\blx@sectionciteorder@0=\count349
\blx@sectionciteorderinternal@0=\count350
\blx@entrysetcounter=\count351
\blx@biblioinstance=\count352
\labelnumberwidth=\skip61
\labelalphawidth=\skip62
\biblabelsep=\skip63
\bibitemsep=\skip64
\bibnamesep=\skip65
\bibinitsep=\skip66
\bibparsep=\skip67
\bibhang=\skip68
\blx@bcfin=\read3
\blx@bcfout=\write3
\blx@langwohyphens=\language91
\c@mincomprange=\count353
\c@maxcomprange=\count354
\c@mincompwidth=\count355
Package biblatex Info: Trying to load biblatex default data model...
Package biblatex Info: ... file 'blx-dm.def' found.
 (/usr/local/texlive/2025/texmf-dist/tex/latex/biblatex/blx-dm.def
File: blx-dm.def 2024/03/21 v3.20 biblatex datamodel (PK/MW)
)
Package biblatex Info: Trying to load biblatex style data model...
Package biblatex Info: ... file 'numeric.dbx' not found.
Package biblatex Info: Trying to load biblatex custom data model...
Package biblatex Info: ... file 'biblatex-dm.cfg' not found.
\c@afterword=\count356
\c@savedafterword=\count357
\c@annotator=\count358
\c@savedannotator=\count359
\c@author=\count360
\c@savedauthor=\count361
\c@bookauthor=\count362
\c@savedbookauthor=\count363
\c@commentator=\count364
\c@savedcommentator=\count365
\c@editor=\count366
\c@savededitor=\count367
\c@editora=\count368
\c@savededitora=\count369
\c@editorb=\count370
\c@savededitorb=\count371
\c@editorc=\count372
\c@savededitorc=\count373
\c@foreword=\count374
\c@savedforeword=\count375
\c@holder=\count376
\c@savedholder=\count377
\c@introduction=\count378
\c@savedintroduction=\count379
\c@namea=\count380
\c@savednamea=\count381
\c@nameb=\count382
\c@savednameb=\count383
\c@namec=\count384
\c@savednamec=\count385
\c@translator=\count386
\c@savedtranslator=\count387
\c@shortauthor=\count388
\c@savedshortauthor=\count389
\c@shorteditor=\count390
\c@savedshorteditor=\count391
\c@labelname=\count392
\c@savedlabelname=\count393
\c@institution=\count394
\c@savedinstitution=\count395
\c@lista=\count396
\c@savedlista=\count397
\c@listb=\count398
\c@savedlistb=\count399
\c@listc=\count400
\c@savedlistc=\count401
\c@listd=\count402
\c@savedlistd=\count403
\c@liste=\count404
\c@savedliste=\count405
\c@listf=\count406
\c@savedlistf=\count407
\c@location=\count408
\c@savedlocation=\count409
\c@organization=\count410
\c@savedorganization=\count411
\c@origlocation=\count412
\c@savedoriglocation=\count413
\c@origpublisher=\count414
\c@savedorigpublisher=\count415
\c@publisher=\count416
\c@savedpublisher=\count417
\c@language=\count418
\c@savedlanguage=\count419
\c@origlanguage=\count420
\c@savedoriglanguage=\count421
\c@pageref=\count422
\c@savedpageref=\count423
\shorthandwidth=\skip69
\shortjournalwidth=\skip70
\shortserieswidth=\skip71
\shorttitlewidth=\skip72
\shortauthorwidth=\skip73
\shorteditorwidth=\skip74
\locallabelnumberwidth=\skip75
\locallabelalphawidth=\skip76
\localshorthandwidth=\skip77
\localshortjournalwidth=\skip78
\localshortserieswidth=\skip79
\localshorttitlewidth=\skip80
\localshortauthorwidth=\skip81
\localshorteditorwidth=\skip82
Package biblatex Info: Trying to load compatibility code...
Package biblatex Info: ... file 'blx-compat.def' found.
 (/usr/local/texlive/2025/texmf-dist/tex/latex/biblatex/blx-compat.def
File: blx-compat.def 2024/03/21 v3.20 biblatex compatibility (PK/MW)
)
Package biblatex Info: Trying to load generic definitions...
Package biblatex Info: ... file 'biblatex.def' found.
 (/usr/local/texlive/2025/texmf-dist/tex/latex/biblatex/biblatex.def
File: biblatex.def 2024/03/21 v3.20 biblatex compatibility (PK/MW)
\c@textcitecount=\count424
\c@textcitetotal=\count425
\c@textcitemaxnames=\count426
\c@biburlbigbreakpenalty=\count427
\c@biburlbreakpenalty=\count428
\c@biburlnumpenalty=\count429
\c@biburlucpenalty=\count430
\c@biburllcpenalty=\count431
\biburlbigskip=\muskip19
\biburlnumskip=\muskip20
\biburlucskip=\muskip21
\biburllcskip=\muskip22
\c@smartand=\count432
)
Package biblatex Info: Trying to load natbib compatibility...
Package biblatex Info: ... file 'blx-natbib.def' found.
 (/usr/local/texlive/2025/texmf-dist/tex/latex/biblatex/blx-natbib.def
File: blx-natbib.def 2024/03/21 v3.20 biblatex compatibility (PK/MW)
Package biblatex Info: Delimiter 'nameyeardelim' in context '' already defined, overwriting.
)
Package biblatex Info: Trying to load bibliography style 'numeric'...
Package biblatex Info: ... file 'numeric.bbx' found.
 (/usr/local/texlive/2025/texmf-dist/tex/latex/biblatex/bbx/numeric.bbx
File: numeric.bbx 2024/03/21 v3.20 biblatex bibliography style (PK/MW)
Package biblatex Info: Trying to load bibliography style 'standard'...
Package biblatex Info: ... file 'standard.bbx' found.
 (/usr/local/texlive/2025/texmf-dist/tex/latex/biblatex/bbx/standard.bbx
File: standard.bbx 2024/03/21 v3.20 biblatex bibliography style (PK/MW)
\c@bbx:relatedcount=\count433
\c@bbx:relatedtotal=\count434
))
Package biblatex Info: Trying to load citation style 'numeric'...
Package biblatex Info: ... file 'numeric.cbx' found.
 (/usr/local/texlive/2025/texmf-dist/tex/latex/biblatex/cbx/numeric.cbx
File: numeric.cbx 2024/03/21 v3.20 biblatex citation style (PK/MW)
Package biblatex Info: Redefining '\cite'.
Package biblatex Info: Redefining '\parencite'.
Package biblatex Info: Redefining '\footcite'.
Package biblatex Info: Redefining '\footcitetext'.
Package biblatex Info: Redefining '\smartcite'.
Package biblatex Info: Redefining '\supercite'.
Package biblatex Info: Redefining '\textcite'.
Package biblatex Info: Redefining '\textcites'.
Package biblatex Info: Redefining '\cites'.
Package biblatex Info: Redefining '\parencites'.
Package biblatex Info: Redefining '\smartcites'.
)
Package biblatex Info: Trying to load configuration file...
Package biblatex Info: ... file 'biblatex.cfg' found.
 (/usr/local/texlive/2025/texmf-dist/tex/latex/biblatex/biblatex.cfg
File: biblatex.cfg 
)
Package biblatex Info: Input encoding 'utf8' detected.
Package biblatex Info: Document encoding is UTF8 ....
 (/usr/local/texlive/2025/texmf-dist/tex/latex/l3kernel/expl3.sty
Package: expl3 2025-01-18 L3 programming layer (loader) 
 (/usr/local/texlive/2025/texmf-dist/tex/latex/l3backend/l3backend-pdftex.def
File: l3backend-pdftex.def 2024-05-08 L3 backend support: PDF output (pdfTeX)
\l__color_backend_stack_int=\count435
\l__pdf_internal_box=\box57
))
Package biblatex Info: ... and expl3
(biblatex)             2025-01-18 L3 programming layer (loader) 
(biblatex)             is new enough (at least 2020/04/06),
(biblatex)             setting 'casechanger=expl3'.
 (/usr/local/texlive/2025/texmf-dist/tex/latex/biblatex/blx-case-expl3.sty (/usr/local/texlive/2025/texmf-dist/tex/latex/l3packages/xparse/xparse.sty
Package: xparse 2024-08-16 L3 Experimental document command parser
)
Package: blx-case-expl3 2024/03/21 v3.20 expl3 case changing code for biblatex
)) (/usr/local/texlive/2025/texmf-dist/tex/latex/listings/listings.sty
\lst@mode=\count436
\lst@gtempboxa=\box58
\lst@token=\toks38
\lst@length=\count437
\lst@currlwidth=\dimen163
\lst@column=\count438
\lst@pos=\count439
\lst@lostspace=\dimen164
\lst@width=\dimen165
\lst@newlines=\count440
\lst@lineno=\count441
\lst@maxwidth=\dimen166
 (/usr/local/texlive/2025/texmf-dist/tex/latex/listings/lstpatch.sty
File: lstpatch.sty 2024/09/23 1.10c (Carsten Heinz)
) (/usr/local/texlive/2025/texmf-dist/tex/latex/listings/lstmisc.sty
File: lstmisc.sty 2024/09/23 1.10c (Carsten Heinz)
\c@lstnumber=\count442
\lst@skipnumbers=\count443
\lst@framebox=\box59
) (/usr/local/texlive/2025/texmf-dist/tex/latex/listings/listings.cfg
File: listings.cfg 2024/09/23 1.10c listings configuration
))
Package: listings 2024/09/23 1.10c (Carsten Heinz)
 (/usr/local/texlive/2025/texmf-dist/tex/latex/tools/array.sty
Package: array 2024/10/17 v2.6g Tabular extension package (FMi)
\col@sep=\dimen167
\ar@mcellbox=\box60
\extrarowheight=\dimen168
\NC@list=\toks39
\extratabsurround=\skip83
\backup@length=\skip84
\ar@cellbox=\box61
) (/usr/local/texlive/2025/texmf-dist/tex/latex/multirow/multirow.sty
Package: multirow 2024/11/12 v2.9 Span multiple rows of a table
\multirow@colwidth=\skip85
\multirow@cntb=\count444
\multirow@dima=\skip86
\bigstrutjot=\dimen169
) (/usr/local/texlive/2025/texmf-dist/tex/latex/units/nicefrac.sty
Package: nicefrac 1998/08/04 v0.9b Nice fractions
\L@UnitsRaiseDisplaystyle=\skip87
\L@UnitsRaiseTextstyle=\skip88
\L@UnitsRaiseScriptstyle=\skip89
) (/usr/local/texlive/2025/texmf-dist/tex/latex/makecell/makecell.sty
Package: makecell 2009/08/03 V0.1e Managing of Tab Column Heads and Cells
\rotheadsize=\dimen170
\c@nlinenum=\count445
\TeXr@lab=\toks40
) (/usr/local/texlive/2025/texmf-dist/tex/latex/tabto-ltx/tabto.sty
Package: tabto 2018/12/28  v 1.4  Another tabbing mechanism
\CurrentLineWidth=\dimen171
\TabPrevPos=\dimen172
) (/usr/local/texlive/2025/texmf-dist/tex/latex/xcolor/xcolor.sty
Package: xcolor 2024/09/29 v3.02 LaTeX color extensions (UK)
 (/usr/local/texlive/2025/texmf-dist/tex/latex/graphics-cfg/color.cfg
File: color.cfg 2016/01/02 v1.6 sample color configuration
)
Package xcolor Info: Driver file: pdftex.def on input line 274.
 (/usr/local/texlive/2025/texmf-dist/tex/latex/graphics/mathcolor.ltx)
Package xcolor Info: Model `cmy' substituted by `cmy0' on input line 1349.
Package xcolor Info: Model `hsb' substituted by `rgb' on input line 1353.
Package xcolor Info: Model `RGB' extended on input line 1365.
Package xcolor Info: Model `HTML' substituted by `rgb' on input line 1367.
Package xcolor Info: Model `Hsb' substituted by `hsb' on input line 1368.
Package xcolor Info: Model `tHsb' substituted by `hsb' on input line 1369.
Package xcolor Info: Model `HSB' substituted by `hsb' on input line 1370.
Package xcolor Info: Model `Gray' substituted by `gray' on input line 1371.
Package xcolor Info: Model `wave' substituted by `hsb' on input line 1372.
)
Package csquotes Info: Checking for multilingual support...
Package csquotes Info: ... found 'babel' package.
Package csquotes Info: Adjusting default style.
Package csquotes Info: Redefining alias 'default' -> 'spanish'.
 (./tesis.aux
LaTeX Info: Redefining \. on input line 11.
LaTeX Info: Redefining \% on input line 11.
 (./simbolos.aux) (./capitulos/capitulo1.aux) (./capitulos/capitulo2.aux) (./capitulos/capitulo3.aux) (./capitulos/capitulo4.aux) (./capitulos/capitulo5.aux) (./capitulos/capitulo6.aux) (./anexo-1.aux))
\openout1 = `tesis.aux'.

LaTeX Font Info:    Checking defaults for OML/cmm/m/it on input line 42.
LaTeX Font Info:    ... okay on input line 42.
LaTeX Font Info:    Checking defaults for OMS/cmsy/m/n on input line 42.
LaTeX Font Info:    ... okay on input line 42.
LaTeX Font Info:    Checking defaults for OT1/cmr/m/n on input line 42.
LaTeX Font Info:    ... okay on input line 42.
LaTeX Font Info:    Checking defaults for T1/cmr/m/n on input line 42.
LaTeX Font Info:    ... okay on input line 42.
LaTeX Font Info:    Checking defaults for TS1/cmr/m/n on input line 42.
LaTeX Font Info:    ... okay on input line 42.
LaTeX Font Info:    Checking defaults for OMX/cmex/m/n on input line 42.
LaTeX Font Info:    ... okay on input line 42.
LaTeX Font Info:    Checking defaults for U/cmr/m/n on input line 42.
LaTeX Font Info:    ... okay on input line 42.
 (/usr/local/texlive/2025/texmf-dist/tex/context/base/mkii/supp-pdf.mkii
[Loading MPS to PDF converter (version 2006.09.02).]
\scratchcounter=\count446
\scratchdimen=\dimen173
\scratchbox=\box62
\nofMPsegments=\count447
\nofMParguments=\count448
\everyMPshowfont=\toks41
\MPscratchCnt=\count449
\MPscratchDim=\dimen174
\MPnumerator=\count450
\makeMPintoPDFobject=\count451
\everyMPtoPDFconversion=\toks42
) (/usr/local/texlive/2025/texmf-dist/tex/latex/epstopdf-pkg/epstopdf-base.sty
Package: epstopdf-base 2020-01-24 v2.11 Base part for package epstopdf
Package epstopdf-base Info: Redefining graphics rule for `.eps' on input line 485.
 (/usr/local/texlive/2025/texmf-dist/tex/latex/latexconfig/epstopdf-sys.cfg
File: epstopdf-sys.cfg 2010/07/13 v1.3 Configuration of (r)epstopdf for TeX Live
))
LaTeX Info: Redefining \. on input line 42.
LaTeX Info: Redefining \% on input line 42.
Package caption Info: Begin \AtBeginDocument code.
Package caption Info: listings package is loaded.
Package caption Info: End \AtBeginDocument code.
Package biblatex Info: Trying to load language 'spanish'...
Package biblatex Info: ... file 'spanish.lbx' found.
 (/usr/local/texlive/2025/texmf-dist/tex/latex/biblatex/lbx/spanish.lbx
File: spanish.lbx 2024/03/21 v3.20 biblatex localization (PK/MW)
)
Package biblatex Info: Input encoding 'utf8' detected.
Package biblatex Info: Automatic encoding selection.
(biblatex)             Assuming data encoding 'utf8'.
\openout3 = `tesis.bcf'.

Package biblatex Info: Trying to load bibliographic data...
Package biblatex Info: ... file 'tesis.bbl' found.
 (./tesis.bbl

Package biblatex Warning: The following entry could not be found
(biblatex)                in the database:
(biblatex)                scikit-learn
(biblatex)                Please verify the spelling and rerun
(biblatex)                LaTeX afterwards.

)
Package biblatex Info: Reference section=0 on input line 42.
Package biblatex Info: Reference segment=0 on input line 42.
\c@lstlisting=\count452
<./graphics/logo.png, id=1, 83.8332pt x 125.268pt>
File: ./graphics/logo.png Graphic file (type png)
<use ./graphics/logo.png>
Package pdftex.def Info: ./graphics/logo.png  used on input line 45.
(pdftex.def)             Requested size: 83.83298pt x 125.26768pt.


[1

{/usr/local/texlive/2025/texmf-var/fonts/map/pdftex/updmap/pdftex.map}{/usr/local/texlive/2025/texmf-dist/fonts/enc/dvips/cm-super/cm-super-t1.enc} <./graphics/logo.png (PNG copy)>] (./tesis.toc
LaTeX Info: Redefining \sptext on input line 1.
LaTeX Info: Redefining \. on input line 1.
LaTeX Info: Redefining \% on input line 1.


[1




]

LaTeX Info: Redefining \sptext on input line 47.
LaTeX Info: Redefining \. on input line 47.
LaTeX Info: Redefining \% on input line 47.
[2]

LaTeX Info: Redefining \sptext on input line 74.
LaTeX Info: Redefining \. on input line 74.
LaTeX Info: Redefining \% on input line 74.
[3])
\tf@toc=\write4
\openout4 = `tesis.toc'.



LaTeX Info: Redefining \. on input line 55.
LaTeX Info: Redefining \% on input line 55.
[4] (./tesis.lof
LaTeX Info: Redefining \sptext on input line 1.
LaTeX Info: Redefining \. on input line 1.
LaTeX Info: Redefining \% on input line 1.
)
\tf@lof=\write5
\openout5 = `tesis.lof'.



[5


]

LaTeX Info: Redefining \. on input line 57.
LaTeX Info: Redefining \% on input line 57.
[6] (./tesis.lot
LaTeX Info: Redefining \sptext on input line 1.
LaTeX Info: Redefining \. on input line 1.
LaTeX Info: Redefining \% on input line 1.
)
\tf@lot=\write6
\openout6 = `tesis.lot'.



[7


]
\openout2 = `simbolos.aux'.

 (./simbolos.tex

[8



])

LaTeX Info: Redefining \. on input line 61.
LaTeX Info: Redefining \% on input line 61.
[9]
\openout2 = `capitulos/capitulo1.aux'.

 (./capitulos/capitulo1.tex
Cap\'{\i }tulo 1.


[1







]

LaTeX Info: Redefining \. on input line 30.
LaTeX Info: Redefining \% on input line 30.
[2]

LaTeX Info: Redefining \. on input line 48.
LaTeX Info: Redefining \% on input line 48.
[3]

LaTeX Info: Redefining \. on input line 62.
LaTeX Info: Redefining \% on input line 62.
[4]

LaTeX Info: Redefining \. on input line 78.
LaTeX Info: Redefining \% on input line 78.
[5])

LaTeX Info: Redefining \. on input line 70.
LaTeX Info: Redefining \% on input line 70.
[6]
\openout2 = `capitulos/capitulo2.aux'.

 (./capitulos/capitulo2.tex
Cap\'{\i }tulo 2.


[7





]
<capitulos/img/MCF_NUCLEOS.png, id=72, 904.1278pt x 392.96812pt>
File: capitulos/img/MCF_NUCLEOS.png Graphic file (type png)
<use capitulos/img/MCF_NUCLEOS.png>
Package pdftex.def Info: capitulos/img/MCF_NUCLEOS.png  used on input line 29.
(pdftex.def)             Requested size: 426.79135pt x 185.49852pt.


LaTeX Info: Redefining \. on input line 34.
LaTeX Info: Redefining \% on input line 34.

Overfull \hbox (162.45389pt too wide) has occurred while \output is active
\T1/cmr/m/sl/12 CAPÍTULO 2.  REDES ÓPTICAS ELÁSTICAS MULTICORE Y FRAGMENTACIÓN DEL ANCHO DE BANDA \T1/cmr/m/n/12 8
 []

[8]

LaTeX Info: Redefining \. on input line 43.
LaTeX Info: Redefining \% on input line 43.

Overfull \hbox (162.45389pt too wide) has occurred while \output is active
\T1/cmr/m/sl/12 CAPÍTULO 2.  REDES ÓPTICAS ELÁSTICAS MULTICORE Y FRAGMENTACIÓN DEL ANCHO DE BANDA \T1/cmr/m/n/12 9
 []

[9{/usr/local/texlive/2025/texmf-dist/fonts/enc/dvips/cm-super/cm-super-ts1.enc} <./capitulos/img/MCF_NUCLEOS.png>]
<capitulos/img/CORE_PITCH.png, id=83, 720.44156pt x 414.79968pt>
File: capitulos/img/CORE_PITCH.png Graphic file (type png)
<use capitulos/img/CORE_PITCH.png>
Package pdftex.def Info: capitulos/img/CORE_PITCH.png  used on input line 48.
(pdftex.def)             Requested size: 426.79135pt x 245.72339pt.


LaTeX Info: Redefining \. on input line 58.
LaTeX Info: Redefining \% on input line 58.

Overfull \hbox (168.32745pt too wide) has occurred while \output is active
\T1/cmr/m/sl/12 CAPÍTULO 2.  REDES ÓPTICAS ELÁSTICAS MULTICORE Y FRAGMENTACIÓN DEL ANCHO DE BANDA \T1/cmr/m/n/12 10
 []

[10 <./capitulos/img/CORE_PITCH.png>]

LaTeX Info: Redefining \. on input line 74.
LaTeX Info: Redefining \% on input line 74.

Overfull \hbox (168.32745pt too wide) has occurred while \output is active
\T1/cmr/m/sl/12 CAPÍTULO 2.  REDES ÓPTICAS ELÁSTICAS MULTICORE Y FRAGMENTACIÓN DEL ANCHO DE BANDA \T1/cmr/m/n/12 11
 []

[11]
<capitulos/img/XT_MCF.png, id=91, 761.84625pt x 433.62pt>
File: capitulos/img/XT_MCF.png Graphic file (type png)
<use capitulos/img/XT_MCF.png>
Package pdftex.def Info: capitulos/img/XT_MCF.png  used on input line 81.
(pdftex.def)             Requested size: 426.79135pt x 242.91156pt.


LaTeX Info: Redefining \. on input line 91.
LaTeX Info: Redefining \% on input line 91.

Overfull \hbox (168.32745pt too wide) has occurred while \output is active
\T1/cmr/m/sl/12 CAPÍTULO 2.  REDES ÓPTICAS ELÁSTICAS MULTICORE Y FRAGMENTACIÓN DEL ANCHO DE BANDA \T1/cmr/m/n/12 12
 []

[12 <./capitulos/img/XT_MCF.png>]

LaTeX Info: Redefining \. on input line 111.
LaTeX Info: Redefining \% on input line 111.

Overfull \hbox (168.32745pt too wide) has occurred while \output is active
\T1/cmr/m/sl/12 CAPÍTULO 2.  REDES ÓPTICAS ELÁSTICAS MULTICORE Y FRAGMENTACIÓN DEL ANCHO DE BANDA \T1/cmr/m/n/12 13
 []

[13]
<capitulos/img/CONMUNATCION_NUCLEOS.png, id=102, 885.3075pt x 297.36093pt>
File: capitulos/img/CONMUNATCION_NUCLEOS.png Graphic file (type png)
<use capitulos/img/CONMUNATCION_NUCLEOS.png>
Package pdftex.def Info: capitulos/img/CONMUNATCION_NUCLEOS.png  used on input line 121.
(pdftex.def)             Requested size: 426.79135pt x 143.35324pt.


LaTeX Info: Redefining \. on input line 127.
LaTeX Info: Redefining \% on input line 127.

Overfull \hbox (168.32745pt too wide) has occurred while \output is active
\T1/cmr/m/sl/12 CAPÍTULO 2.  REDES ÓPTICAS ELÁSTICAS MULTICORE Y FRAGMENTACIÓN DEL ANCHO DE BANDA \T1/cmr/m/n/12 14
 []

[14 <./capitulos/img/CONMUNATCION_NUCLEOS.png>]
<capitulos/img/ASIGNACION_ESPECTRO_SIN_CONMMUTACION.png, id=107, 962.84718pt x 582.67688pt>
File: capitulos/img/ASIGNACION_ESPECTRO_SIN_CONMMUTACION.png Graphic file (type png)
<use capitulos/img/ASIGNACION_ESPECTRO_SIN_CONMMUTACION.png>
Package pdftex.def Info: capitulos/img/ASIGNACION_ESPECTRO_SIN_CONMMUTACION.png  used on input line 133.
(pdftex.def)             Requested size: 426.79135pt x 258.27238pt.


LaTeX Info: Redefining \. on input line 137.
LaTeX Info: Redefining \% on input line 137.

Overfull \hbox (168.32745pt too wide) has occurred while \output is active
\T1/cmr/m/sl/12 CAPÍTULO 2.  REDES ÓPTICAS ELÁSTICAS MULTICORE Y FRAGMENTACIÓN DEL ANCHO DE BANDA \T1/cmr/m/n/12 15
 []

[15]

LaTeX Info: Redefining \. on input line 144.
LaTeX Info: Redefining \% on input line 144.

Overfull \hbox (168.32745pt too wide) has occurred while \output is active
\T1/cmr/m/sl/12 CAPÍTULO 2.  REDES ÓPTICAS ELÁSTICAS MULTICORE Y FRAGMENTACIÓN DEL ANCHO DE BANDA \T1/cmr/m/n/12 16
 []

[16 <./capitulos/img/ASIGNACION_ESPECTRO_SIN_CONMMUTACION.png>]
<capitulos/img/ASIGNACION_ESPECTRO_CON_CONMMUTACION.png, id=117, 915.42pt x 568.37344pt>
File: capitulos/img/ASIGNACION_ESPECTRO_CON_CONMMUTACION.png Graphic file (type png)
<use capitulos/img/ASIGNACION_ESPECTRO_CON_CONMMUTACION.png>
Package pdftex.def Info: capitulos/img/ASIGNACION_ESPECTRO_CON_CONMMUTACION.png  used on input line 148.
(pdftex.def)             Requested size: 426.79135pt x 264.98473pt.


LaTeX Info: Redefining \. on input line 164.
LaTeX Info: Redefining \% on input line 164.

Overfull \hbox (168.32745pt too wide) has occurred while \output is active
\T1/cmr/m/sl/12 CAPÍTULO 2.  REDES ÓPTICAS ELÁSTICAS MULTICORE Y FRAGMENTACIÓN DEL ANCHO DE BANDA \T1/cmr/m/n/12 17
 []

[17 <./capitulos/img/ASIGNACION_ESPECTRO_CON_CONMMUTACION.png>]

LaTeX Info: Redefining \. on input line 183.
LaTeX Info: Redefining \% on input line 183.

Overfull \hbox (168.32745pt too wide) has occurred while \output is active
\T1/cmr/m/sl/12 CAPÍTULO 2.  REDES ÓPTICAS ELÁSTICAS MULTICORE Y FRAGMENTACIÓN DEL ANCHO DE BANDA \T1/cmr/m/n/12 18
 []

[18]
<capitulos/img/fragmentacionNuevo.png, id=125, 904.1278pt x 392.96812pt>
File: capitulos/img/fragmentacionNuevo.png Graphic file (type png)
<use capitulos/img/fragmentacionNuevo.png>
Package pdftex.def Info: capitulos/img/fragmentacionNuevo.png  used on input line 197.
(pdftex.def)             Requested size: 426.79135pt x 185.49852pt.


LaTeX Info: Redefining \. on input line 201.
LaTeX Info: Redefining \% on input line 201.

Overfull \hbox (168.32745pt too wide) has occurred while \output is active
\T1/cmr/m/sl/12 CAPÍTULO 2.  REDES ÓPTICAS ELÁSTICAS MULTICORE Y FRAGMENTACIÓN DEL ANCHO DE BANDA \T1/cmr/m/n/12 19
 []

[19]
<capitulos/img/fragmentacion2Nuevo.png, id=129, 921.4425pt x 392.96812pt>
File: capitulos/img/fragmentacion2Nuevo.png Graphic file (type png)
<use capitulos/img/fragmentacion2Nuevo.png>
Package pdftex.def Info: capitulos/img/fragmentacion2Nuevo.png  used on input line 204.
(pdftex.def)             Requested size: 426.79135pt x 182.00873pt.


LaTeX Info: Redefining \. on input line 215.
LaTeX Info: Redefining \% on input line 215.

Overfull \hbox (168.32745pt too wide) has occurred while \output is active
\T1/cmr/m/sl/12 CAPÍTULO 2.  REDES ÓPTICAS ELÁSTICAS MULTICORE Y FRAGMENTACIÓN DEL ANCHO DE BANDA \T1/cmr/m/n/12 20
 []

[20 <./capitulos/img/fragmentacionNuevo.png> <./capitulos/img/fragmentacion2Nuevo.png>]

LaTeX Info: Redefining \. on input line 233.
LaTeX Info: Redefining \% on input line 233.

Overfull \hbox (168.32745pt too wide) has occurred while \output is active
\T1/cmr/m/sl/12 CAPÍTULO 2.  REDES ÓPTICAS ELÁSTICAS MULTICORE Y FRAGMENTACIÓN DEL ANCHO DE BANDA \T1/cmr/m/n/12 21
 []

[21]
<capitulos/img/Gestion_Fragmentacion.PNG, id=139, 459.21562pt x 294.34969pt>
File: capitulos/img/Gestion_Fragmentacion.PNG Graphic file (type png)
<use capitulos/img/Gestion_Fragmentacion.PNG>
Package pdftex.def Info: capitulos/img/Gestion_Fragmentacion.PNG  used on input line 242.
(pdftex.def)             Requested size: 426.79135pt x 273.58067pt.


LaTeX Info: Redefining \. on input line 252.
LaTeX Info: Redefining \% on input line 252.

Overfull \hbox (168.32745pt too wide) has occurred while \output is active
\T1/cmr/m/sl/12 CAPÍTULO 2.  REDES ÓPTICAS ELÁSTICAS MULTICORE Y FRAGMENTACIÓN DEL ANCHO DE BANDA \T1/cmr/m/n/12 22
 []

[22 <./capitulos/img/Gestion_Fragmentacion.PNG>]

LaTeX Info: Redefining \. on input line 261.
LaTeX Info: Redefining \% on input line 261.

Overfull \hbox (168.32745pt too wide) has occurred while \output is active
\T1/cmr/m/sl/12 CAPÍTULO 2.  REDES ÓPTICAS ELÁSTICAS MULTICORE Y FRAGMENTACIÓN DEL ANCHO DE BANDA \T1/cmr/m/n/12 23
 []

[23]
<capitulos/img/ejemploPeriodico.png, id=147, 446.41782pt x 100.12407pt>
File: capitulos/img/ejemploPeriodico.png Graphic file (type png)
<use capitulos/img/ejemploPeriodico.png>
Package pdftex.def Info: capitulos/img/ejemploPeriodico.png  used on input line 273.
(pdftex.def)             Requested size: 426.79135pt x 95.72383pt.


LaTeX Info: Redefining \. on input line 338.
LaTeX Info: Redefining \% on input line 338.

Overfull \hbox (168.32745pt too wide) has occurred while \output is active
\T1/cmr/m/sl/12 CAPÍTULO 2.  REDES ÓPTICAS ELÁSTICAS MULTICORE Y FRAGMENTACIÓN DEL ANCHO DE BANDA \T1/cmr/m/n/12 24
 []

[24 <./capitulos/img/ejemploPeriodico.png>])
\openout2 = `capitulos/capitulo3.aux'.

 (./capitulos/capitulo3.tex
Cap\'{\i }tulo 3.


[25





]

LaTeX Info: Redefining \. on input line 25.
LaTeX Info: Redefining \% on input line 25.
[26]

LaTeX Info: Redefining \. on input line 35.
LaTeX Info: Redefining \% on input line 35.
[27]

LaTeX Info: Redefining \. on input line 47.
LaTeX Info: Redefining \% on input line 47.
[28]

LaTeX Info: Redefining \. on input line 63.
LaTeX Info: Redefining \% on input line 63.
[29]

LaTeX Info: Redefining \. on input line 102.
LaTeX Info: Redefining \% on input line 102.
[30]

LaTeX Info: Redefining \. on input line 123.
LaTeX Info: Redefining \% on input line 123.
[31]

LaTeX Info: Redefining \. on input line 141.
LaTeX Info: Redefining \% on input line 141.
[32]

LaTeX Info: Redefining \. on input line 163.
LaTeX Info: Redefining \% on input line 163.
[33])

LaTeX Info: Redefining \. on input line 72.
LaTeX Info: Redefining \% on input line 72.
[34]
\openout2 = `capitulos/capitulo4.aux'.

 (./capitulos/capitulo4.tex
Cap\'{\i }tulo 4.


[35





]

LaTeX Info: Redefining \. on input line 46.
LaTeX Info: Redefining \% on input line 46.
[36]

LaTeX Info: Redefining \. on input line 75.
LaTeX Info: Redefining \% on input line 75.
[37]

LaTeX Info: Redefining \. on input line 102.
LaTeX Info: Redefining \% on input line 102.
[38]
File: capitulos/img/CORE_PITCH.png Graphic file (type png)
<use capitulos/img/CORE_PITCH.png>
Package pdftex.def Info: capitulos/img/CORE_PITCH.png  used on input line 124.
(pdftex.def)             Requested size: 426.79135pt x 245.72339pt.


LaTeX Info: Redefining \. on input line 128.
LaTeX Info: Redefining \% on input line 128.
[39]
<capitulos/img/SIMULACION_MODELO_MATEMATICO_COMPLETO.png, id=200, 713.66624pt x 315.42844pt>
File: capitulos/img/SIMULACION_MODELO_MATEMATICO_COMPLETO.png Graphic file (type png)
<use capitulos/img/SIMULACION_MODELO_MATEMATICO_COMPLETO.png>
Package pdftex.def Info: capitulos/img/SIMULACION_MODELO_MATEMATICO_COMPLETO.png  used on input line 131.
(pdftex.def)             Requested size: 426.79135pt x 188.63281pt.
<capitulos/img/SIMULACION_TABLA1_NIVELES DE CARGA.png, id=201, 948.54375pt x 454.69875pt>
File: capitulos/img/SIMULACION_TABLA1_NIVELES DE CARGA.png Graphic file (type png)
<use capitulos/img/SIMULACION_TABLA1_NIVELES DE CARGA.png>
Package pdftex.def Info: capitulos/img/SIMULACION_TABLA1_NIVELES DE CARGA.png  used on input line 142.
(pdftex.def)             Requested size: 426.79135pt x 204.5848pt.


LaTeX Info: Redefining \. on input line 146.
LaTeX Info: Redefining \% on input line 146.
[40 <./capitulos/img/SIMULACION_MODELO_MATEMATICO_COMPLETO.png>]
<capitulos/img/SIMULACION_DISTRIBUCION_NIVELES DE CARGA.png, id=207, 951.555pt x 364.36125pt>
File: capitulos/img/SIMULACION_DISTRIBUCION_NIVELES DE CARGA.png Graphic file (type png)
<use capitulos/img/SIMULACION_DISTRIBUCION_NIVELES DE CARGA.png>
Package pdftex.def Info: capitulos/img/SIMULACION_DISTRIBUCION_NIVELES DE CARGA.png  used on input line 149.
(pdftex.def)             Requested size: 426.79135pt x 163.42175pt.
<capitulos/img/SIMULACION_EVOLUCION_TEMPORAL_DE_LA_CARGA.png, id=208, 951.555pt x 423.83344pt>
File: capitulos/img/SIMULACION_EVOLUCION_TEMPORAL_DE_LA_CARGA.png Graphic file (type png)
<use capitulos/img/SIMULACION_EVOLUCION_TEMPORAL_DE_LA_CARGA.png>
Package pdftex.def Info: capitulos/img/SIMULACION_EVOLUCION_TEMPORAL_DE_LA_CARGA.png  used on input line 156.
(pdftex.def)             Requested size: 426.79135pt x 190.09596pt.


LaTeX Info: Redefining \. on input line 160.
LaTeX Info: Redefining \% on input line 160.
[41 <./capitulos/img/SIMULACION_TABLA1_NIVELES DE CARGA.png> <./capitulos/img/SIMULACION_DISTRIBUCION_NIVELES DE CARGA.png>]
<capitulos/img/SIMULACION_TABLA4_FRECUENCIA_DE_OCURRENCIA.png, id=214, 953.81343pt x 452.4403pt>
File: capitulos/img/SIMULACION_TABLA4_FRECUENCIA_DE_OCURRENCIA.png Graphic file (type png)
<use capitulos/img/SIMULACION_TABLA4_FRECUENCIA_DE_OCURRENCIA.png>
Package pdftex.def Info: capitulos/img/SIMULACION_TABLA4_FRECUENCIA_DE_OCURRENCIA.png  used on input line 171.
(pdftex.def)             Requested size: 426.79135pt x 202.45024pt.


LaTeX Info: Redefining \. on input line 181.
LaTeX Info: Redefining \% on input line 181.
[42 <./capitulos/img/SIMULACION_EVOLUCION_TEMPORAL_DE_LA_CARGA.png> <./capitulos/img/SIMULACION_TABLA4_FRECUENCIA_DE_OCURRENCIA.png>]
<capitulos/img/SIMULACION_TABLA3_DISTRIBUCION_DE_FASES_OPERATIVAS.png, id=220, 953.81343pt x 452.4403pt>
File: capitulos/img/SIMULACION_TABLA3_DISTRIBUCION_DE_FASES_OPERATIVAS.png Graphic file (type png)
<use capitulos/img/SIMULACION_TABLA3_DISTRIBUCION_DE_FASES_OPERATIVAS.png>
Package pdftex.def Info: capitulos/img/SIMULACION_TABLA3_DISTRIBUCION_DE_FASES_OPERATIVAS.png  used on input line 192.
(pdftex.def)             Requested size: 426.79135pt x 202.45024pt.
<capitulos/img/SIMULACION_TABLA2_MUESTRA_DE_DATOS_TEMPORALES.png, id=221, 951.555pt x 538.26094pt>
File: capitulos/img/SIMULACION_TABLA2_MUESTRA_DE_DATOS_TEMPORALES.png Graphic file (type png)
<use capitulos/img/SIMULACION_TABLA2_MUESTRA_DE_DATOS_TEMPORALES.png>
Package pdftex.def Info: capitulos/img/SIMULACION_TABLA2_MUESTRA_DE_DATOS_TEMPORALES.png  used on input line 199.
(pdftex.def)             Requested size: 426.79135pt x 241.4185pt.


LaTeX Info: Redefining \. on input line 203.
LaTeX Info: Redefining \% on input line 203.
[43 <./capitulos/img/SIMULACION_TABLA3_DISTRIBUCION_DE_FASES_OPERATIVAS.png>]

LaTeX Warning: Citation 'scikit-learn' on page 44 undefined on input line 206.



LaTeX Info: Redefining \. on input line 219.
LaTeX Info: Redefining \% on input line 219.
[44 <./capitulos/img/SIMULACION_TABLA2_MUESTRA_DE_DATOS_TEMPORALES.png>]

LaTeX Info: Redefining \. on input line 241.
LaTeX Info: Redefining \% on input line 241.
[45]

LaTeX Info: Redefining \. on input line 270.
LaTeX Info: Redefining \% on input line 270.
[46]

LaTeX Info: Redefining \. on input line 301.
LaTeX Info: Redefining \% on input line 301.
[47]

LaTeX Info: Redefining \. on input line 326.
LaTeX Info: Redefining \% on input line 326.
[48]

LaTeX Info: Redefining \. on input line 366.
LaTeX Info: Redefining \% on input line 366.
[49]

LaTeX Info: Redefining \. on input line 394.
LaTeX Info: Redefining \% on input line 394.
[50]

LaTeX Info: Redefining \. on input line 418.
LaTeX Info: Redefining \% on input line 418.
[51]

LaTeX Info: Redefining \. on input line 443.
LaTeX Info: Redefining \% on input line 443.
[52]

LaTeX Info: Redefining \. on input line 471.
LaTeX Info: Redefining \% on input line 471.
[53]

LaTeX Info: Redefining \. on input line 503.
LaTeX Info: Redefining \% on input line 503.
[54])

LaTeX Info: Redefining \. on input line 73.
LaTeX Info: Redefining \% on input line 73.
[55]
\openout2 = `capitulos/capitulo5.aux'.

 (./capitulos/capitulo5.tex
Cap\'{\i }tulo 5.


[56





]
Overfull \hbox (59.98611pt too wide) in paragraph at lines 51--66
 [][] 
 []



LaTeX Info: Redefining \. on input line 69.
LaTeX Info: Redefining \% on input line 69.
[57]

LaTeX Info: Redefining \. on input line 83.
LaTeX Info: Redefining \% on input line 83.
[58]

LaTeX Info: Redefining \. on input line 110.
LaTeX Info: Redefining \% on input line 110.
[59]

LaTeX Info: Redefining \. on input line 136.
LaTeX Info: Redefining \% on input line 136.
[60]

LaTeX Info: Redefining \. on input line 163.
LaTeX Info: Redefining \% on input line 163.
[61]
Overfull \hbox (20.43459pt too wide) in paragraph at lines 193--205
 [][] 
 []



LaTeX Info: Redefining \. on input line 210.
LaTeX Info: Redefining \% on input line 210.
[62]
Overfull \hbox (20.43459pt too wide) in paragraph at lines 229--241
 [][] 
 []



LaTeX Info: Redefining \. on input line 241.
LaTeX Info: Redefining \% on input line 241.
[63]
Overfull \hbox (6.95416pt too wide) in paragraph at lines 257--258
[]\T1/cmr/m/n/12 NIVEL_7 a NI-VEL_8 (2,600-3,100 Er-langs): Frag-men-ta-ción mo-de-ra-da (1.23$ $%-
 []


Overfull \hbox (6.0035pt too wide) in paragraph at lines 258--259
[]\T1/cmr/m/n/12 NIVEL_10 (3,400 Er-langs): Con-cen-tra-ción del 59$ $% de blo-queos to-ta-les (3.34$ $%) 
 []



LaTeX Info: Redefining \. on input line 263.
LaTeX Info: Redefining \% on input line 263.
[64]
Overfull \hbox (26.10129pt too wide) in paragraph at lines 271--285
 [][] 
 []



LaTeX Info: Redefining \. on input line 295.
LaTeX Info: Redefining \% on input line 295.
[65]
Overfull \hbox (11.85577pt too wide) in paragraph at lines 323--340
 [][] 
 []



LaTeX Info: Redefining \. on input line 349.
LaTeX Info: Redefining \% on input line 349.
[66]

LaTeX Info: Redefining \. on input line 374.
LaTeX Info: Redefining \% on input line 374.
[67]
Overfull \hbox (15.67813pt too wide) in paragraph at lines 385--396
 [][] 
 []



LaTeX Info: Redefining \. on input line 413.
LaTeX Info: Redefining \% on input line 413.
[68]

LaTeX Warning: Reference `fig:eficiencia_recursos' on page 69 undefined on input line 426.



LaTeX Info: Redefining \. on input line 457.
LaTeX Info: Redefining \% on input line 457.
[69]

LaTeX Info: Redefining \. on input line 478.
LaTeX Info: Redefining \% on input line 478.
[70]
Overfull \hbox (1.1959pt too wide) in paragraph at lines 499--500
[]\T1/cmr/m/n/12 En car-ga al-ta, in-ter-va-lo 1,000t re-sul-ta in-su-fi-cien-te (3.265$ $% blo-queos vs. 2.981$ $%
 []



LaTeX Info: Redefining \. on input line 507.
LaTeX Info: Redefining \% on input line 507.
[71])

LaTeX Info: Redefining \. on input line 74.
LaTeX Info: Redefining \% on input line 74.
[72]
\openout2 = `capitulos/capitulo6.aux'.

 (./capitulos/capitulo6.tex
Cap\'{\i }tulo 6.


[73





]

LaTeX Info: Redefining \. on input line 25.
LaTeX Info: Redefining \% on input line 25.
[74]

LaTeX Info: Redefining \. on input line 38.
LaTeX Info: Redefining \% on input line 38.
[75]

LaTeX Info: Redefining \. on input line 49.
LaTeX Info: Redefining \% on input line 49.
[76]

LaTeX Info: Redefining \. on input line 67.
LaTeX Info: Redefining \% on input line 67.
[77]

LaTeX Info: Redefining \. on input line 85.
LaTeX Info: Redefining \% on input line 85.
[78]

LaTeX Info: Redefining \. on input line 102.
LaTeX Info: Redefining \% on input line 102.
[79]

LaTeX Info: Redefining \. on input line 119.
LaTeX Info: Redefining \% on input line 119.
[80]

LaTeX Info: Redefining \. on input line 131.
LaTeX Info: Redefining \% on input line 131.
[81]

LaTeX Info: Redefining \. on input line 148.
LaTeX Info: Redefining \% on input line 148.
[82]

LaTeX Info: Redefining \. on input line 166.
LaTeX Info: Redefining \% on input line 166.
[83]

LaTeX Info: Redefining \. on input line 187.
LaTeX Info: Redefining \% on input line 187.
[84]
Overfull \hbox (3.7993pt too wide) in paragraph at lines 187--188
[]\T1/cmr/bx/n/12 Ensambles he-te-ro-gé-neos: \T1/cmr/m/n/12 Com-bi-nar múl-ti-ples mo-de-los (Gra-dient Boos-
 []



LaTeX Info: Redefining \. on input line 203.
LaTeX Info: Redefining \% on input line 203.
[85]

LaTeX Info: Redefining \. on input line 222.
LaTeX Info: Redefining \% on input line 222.
[86]

LaTeX Info: Redefining \. on input line 246.
LaTeX Info: Redefining \% on input line 246.
[87]

LaTeX Info: Redefining \. on input line 266.
LaTeX Info: Redefining \% on input line 266.
[88])

LaTeX Info: Redefining \. on input line 75.
LaTeX Info: Redefining \% on input line 75.
[89]
\openout2 = `./anexo-1.aux'.


No file ./anexo-1.tex.


[90







]

LaTeX Info: Redefining \. on input line 85.
LaTeX Info: Redefining \% on input line 85.
[91] (./tesis.aux
LaTeX Info: Redefining \sptext on input line 11.
LaTeX Info: Redefining \. on input line 11.
LaTeX Info: Redefining \% on input line 11.
 (./simbolos.aux) (./capitulos/capitulo1.aux) (./capitulos/capitulo2.aux) (./capitulos/capitulo3.aux) (./capitulos/capitulo4.aux) (./capitulos/capitulo5.aux) (./capitulos/capitulo6.aux) (./anexo-1.aux))
 ***********
LaTeX2e <2024-11-01> patch level 2
L3 programming layer <2025-01-18>
 ***********


LaTeX Warning: There were undefined references.

Package logreq Info: Writing requests to 'tesis.run.xml'.
\openout1 = `tesis.run.xml'.

 ) 
Here is how much of TeX's memory you used:
 17581 strings out of 473190
 321164 string characters out of 5715800
 1172001 words of memory out of 5000000
 40572 multiletter control sequences out of 15000+600000
 576446 words of font info for 70 fonts, out of 8000000 for 9000
 1141 hyphenation exceptions out of 8191
 72i,16n,81p,1092b,2210s stack positions out of 10000i,1000n,20000p,200000b,200000s
</usr/local/texlive/2025/texmf-dist/fonts/type1/public/amsfonts/cm/cmbx12.pfb></usr/local/texlive/2025/texmf-dist/fonts/type1/public/amsfonts/cm/cmex10.pfb></usr/local/texlive/2025/texmf-dist/fonts/type1/public/amsfonts/cm/cmmi12.pfb></usr/local/texlive/2025/texmf-dist/fonts/type1/public/amsfonts/cm/cmmi6.pfb></usr/local/texlive/2025/texmf-dist/fonts/type1/public/amsfonts/cm/cmmi8.pfb></usr/local/texlive/2025/texmf-dist/fonts/type1/public/amsfonts/cm/cmr12.pfb></usr/local/texlive/2025/texmf-dist/fonts/type1/public/amsfonts/cm/cmr6.pfb></usr/local/texlive/2025/texmf-dist/fonts/type1/public/amsfonts/cm/cmr8.pfb></usr/local/texlive/2025/texmf-dist/fonts/type1/public/amsfonts/cm/cmsy10.pfb></usr/local/texlive/2025/texmf-dist/fonts/type1/public/amsfonts/cm/cmsy6.pfb></usr/local/texlive/2025/texmf-dist/fonts/type1/public/amsfonts/cm/cmsy8.pfb></usr/local/texlive/2025/texmf-dist/fonts/type1/public/cm-super/sfbx1200.pfb></usr/local/texlive/2025/texmf-dist/fonts/type1/public/cm-super/sfbx1440.pfb></usr/local/texlive/2025/texmf-dist/fonts/type1/public/cm-super/sfbx1728.pfb></usr/local/texlive/2025/texmf-dist/fonts/type1/public/cm-super/sfbx2488.pfb></usr/local/texlive/2025/texmf-dist/fonts/type1/public/cm-super/sfcc1200.pfb></usr/local/texlive/2025/texmf-dist/fonts/type1/public/cm-super/sfcc1728.pfb></usr/local/texlive/2025/texmf-dist/fonts/type1/public/cm-super/sfrm1200.pfb></usr/local/texlive/2025/texmf-dist/fonts/type1/public/cm-super/sfsl1200.pfb></usr/local/texlive/2025/texmf-dist/fonts/type1/public/cm-super/sfti1200.pfb></usr/local/texlive/2025/texmf-dist/fonts/type1/public/cm-super/sftt1200.pfb></usr/local/texlive/2025/texmf-dist/fonts/type1/public/cm-super/sfxc1200.pfb>
Output written on tesis.pdf (101 pages, 1643176 bytes).
PDF statistics:
 480 PDF objects out of 1000 (max. 8388607)
 295 compressed objects within 3 object streams
 0 named destinations out of 1000 (max. 500000)
 91 words of extra memory for PDF output out of 10000 (max. 10000000)

